2019-03-12 23:06:42,632 [INFO]: 主引擎创建成功
2019-03-12 23:06:42,633 [INFO]: 注册日志事件监听
2019-03-12 23:06:42,678 [INFO]: CTP	交易服务器连接成功
2019-03-12 23:06:42,682 [INFO]: CTP	行情服务器连接成功
2019-03-12 23:06:42,717 [INFO]: CTP	行情服务器登录完成
2019-03-12 23:06:42,717 [INFO]: CTP	交易服务器登录完成
2019-03-12 23:06:42,782 [INFO]: CTP	结算信息确认完成
2019-03-12 23:06:42,886 [INFO]: 连接CTP接口
2019-03-12 23:06:42,886 [INFO]: MAIN_ENGINE	MongoDB连接成功
2019-03-12 23:06:43,016 [INFO]: CTP	交易合约信息获取完成
2019-03-12 23:27:45,110 [INFO]: 主引擎创建成功
2019-03-12 23:27:45,111 [INFO]: 注册日志事件监听
2019-03-12 23:27:45,149 [INFO]: CTP	行情服务器连接成功
2019-03-12 23:27:45,150 [INFO]: CTP	交易服务器连接成功
2019-03-12 23:27:45,184 [INFO]: CTP	行情服务器登录完成
2019-03-12 23:27:45,185 [INFO]: CTP	交易服务器登录完成
2019-03-12 23:27:45,251 [INFO]: CTP	结算信息确认完成
2019-03-12 23:27:45,303 [INFO]: 连接CTP接口
2019-03-12 23:27:45,303 [INFO]: MAIN_ENGINE	MongoDB连接成功
2019-03-12 23:27:45,465 [INFO]: CTP	交易合约信息获取完成
2019-03-12 23:28:37,824 [INFO]: 主引擎创建成功
2019-03-12 23:28:37,824 [INFO]: 注册日志事件监听
2019-03-12 23:28:37,873 [INFO]: CTP	行情服务器连接成功
2019-03-12 23:28:37,875 [INFO]: CTP	交易服务器连接成功
2019-03-12 23:28:37,907 [INFO]: CTP	行情服务器登录完成
2019-03-12 23:28:37,910 [INFO]: CTP	交易服务器登录完成
2019-03-12 23:28:37,983 [INFO]: CTP	结算信息确认完成
2019-03-12 23:28:38,021 [INFO]: 连接CTP接口
2019-03-12 23:28:38,022 [INFO]: MAIN_ENGINE	MongoDB连接成功
2019-03-12 23:28:38,360 [INFO]: CTP	交易合约信息获取完成
2019-03-12 23:31:15,955 [INFO]: 主引擎创建成功
2019-03-12 23:31:15,955 [INFO]: 注册日志事件监听
2019-03-12 23:31:15,995 [INFO]: CTP	交易服务器连接成功
2019-03-12 23:31:15,995 [INFO]: CTP	行情服务器连接成功
2019-03-12 23:31:16,030 [INFO]: CTP	交易服务器登录完成
2019-03-12 23:31:16,030 [INFO]: CTP	行情服务器登录完成
2019-03-12 23:31:16,127 [INFO]: CTP	结算信息确认完成
2019-03-12 23:31:16,156 [INFO]: MAIN_ENGINE	MongoDB连接成功
2019-03-12 23:31:16,156 [INFO]: 连接CTP接口
2019-03-12 23:31:16,328 [INFO]: CTP	交易合约信息获取完成
2019-03-12 23:35:44,191 [INFO]: 主引擎创建成功
2019-03-12 23:35:44,191 [INFO]: 注册日志事件监听
2019-03-12 23:35:44,239 [INFO]: CTP	行情服务器连接成功
2019-03-12 23:35:44,239 [INFO]: CTP	交易服务器连接成功
2019-03-12 23:35:44,275 [INFO]: CTP	行情服务器登录完成
2019-03-12 23:35:44,275 [INFO]: CTP	交易服务器登录完成
2019-03-12 23:35:44,392 [INFO]: MAIN_ENGINE	MongoDB连接成功
2019-03-12 23:35:44,392 [INFO]: 连接CTP接口
2019-03-12 23:35:44,406 [INFO]: CTP	结算信息确认完成
2019-03-12 23:35:44,550 [INFO]: CTP	交易合约信息获取完成
2019-03-12 23:37:30,726 [INFO]: 主引擎创建成功
2019-03-12 23:37:30,726 [INFO]: 注册日志事件监听
2019-03-12 23:37:30,765 [INFO]: CTP	行情服务器连接成功
2019-03-12 23:37:30,766 [INFO]: CTP	交易服务器连接成功
2019-03-12 23:37:30,801 [INFO]: CTP	行情服务器登录完成
2019-03-12 23:37:30,802 [INFO]: CTP	交易服务器登录完成
2019-03-12 23:37:30,924 [INFO]: MAIN_ENGINE	MongoDB连接成功
2019-03-12 23:37:30,924 [INFO]: 连接CTP接口
2019-03-12 23:37:30,936 [INFO]: CTP	结算信息确认完成
2019-03-12 23:37:31,103 [INFO]: CTP	交易合约信息获取完成
