2019-03-13 00:24:52,981 [INFO]: 主引擎创建成功
2019-03-13 00:24:52,981 [INFO]: 注册日志事件监听
2019-03-13 00:24:53,021 [INFO]: CTP	交易服务器连接成功
2019-03-13 00:24:53,029 [INFO]: CTP	行情服务器连接成功
2019-03-13 00:24:53,057 [INFO]: CTP	交易服务器登录完成
2019-03-13 00:24:53,062 [INFO]: CTP	行情服务器登录完成
2019-03-13 00:24:53,175 [INFO]: MAIN_ENGINE	MongoDB连接成功
2019-03-13 00:24:53,175 [INFO]: 连接CTP接口
2019-03-13 00:24:53,190 [INFO]: CTP	结算信息确认完成
2019-03-13 00:24:53,480 [INFO]: CTP	交易合约信息获取完成
2019-03-13 00:33:12,517 [INFO]: 主引擎创建成功
2019-03-13 00:33:12,517 [INFO]: 注册日志事件监听
2019-03-13 00:33:12,556 [INFO]: CTP	交易服务器连接成功
2019-03-13 00:33:12,556 [INFO]: CTP	行情服务器连接成功
2019-03-13 00:33:12,591 [INFO]: CTP	行情服务器登录完成
2019-03-13 00:33:12,591 [INFO]: CTP	交易服务器登录完成
2019-03-13 00:33:12,709 [INFO]: MAIN_ENGINE	MongoDB连接成功
2019-03-13 00:33:12,709 [INFO]: 连接CTP接口
2019-03-13 00:33:12,723 [INFO]: CTP	结算信息确认完成
2019-03-13 00:33:12,868 [INFO]: CTP	交易合约信息获取完成
