2019-03-10 00:25:45,297 [INFO]: 主引擎创建成功
2019-03-10 00:25:45,297 [INFO]: 注册日志事件监听
2019-03-10 00:25:45,504 [INFO]: 连接CTP接口
2019-03-10 00:44:51,588 [INFO]: 主引擎创建成功
2019-03-10 00:44:51,588 [INFO]: 注册日志事件监听
2019-03-10 00:44:51,755 [INFO]: 连接CTP接口
2019-03-10 00:47:06,686 [INFO]: 主引擎创建成功
2019-03-10 00:47:06,686 [INFO]: 注册日志事件监听
2019-03-10 00:47:06,857 [INFO]: 连接CTP接口
2019-03-10 00:49:51,090 [INFO]: 主引擎创建成功
2019-03-10 00:49:51,090 [INFO]: 注册日志事件监听
2019-03-10 00:49:51,259 [INFO]: 连接CTP接口
2019-03-10 00:51:06,691 [INFO]: 主引擎创建成功
2019-03-10 00:51:06,691 [INFO]: 注册日志事件监听
2019-03-10 00:51:06,860 [INFO]: 连接CTP接口
2019-03-10 09:35:01,003 [INFO]: 主引擎创建成功
2019-03-10 09:35:01,012 [INFO]: 注册日志事件监听
2019-03-10 09:35:01,248 [INFO]: 连接CTP接口
2019-03-10 09:36:34,885 [INFO]: 主引擎创建成功
2019-03-10 09:36:34,885 [INFO]: 注册日志事件监听
2019-03-10 09:36:35,104 [INFO]: 连接CTP接口
2019-03-10 09:38:21,420 [INFO]: 主引擎创建成功
2019-03-10 09:38:21,420 [INFO]: 注册日志事件监听
2019-03-10 09:38:21,582 [INFO]: 连接CTP接口
2019-03-10 09:49:52,493 [INFO]: 主引擎创建成功
2019-03-10 09:49:52,493 [INFO]: 注册日志事件监听
2019-03-10 09:49:52,669 [INFO]: 连接CTP接口
2019-03-10 09:53:33,497 [INFO]: 主引擎创建成功
2019-03-10 09:53:33,497 [INFO]: 注册日志事件监听
2019-03-10 09:53:33,661 [INFO]: 连接CTP接口
2019-03-10 09:59:03,596 [INFO]: 主引擎创建成功
2019-03-10 09:59:03,596 [INFO]: 注册日志事件监听
2019-03-10 09:59:03,759 [INFO]: 连接CTP接口
2019-03-10 10:00:28,048 [INFO]: 主引擎创建成功
2019-03-10 10:00:28,048 [INFO]: 注册日志事件监听
2019-03-10 10:00:28,213 [INFO]: 连接CTP接口
2019-03-10 10:01:29,544 [INFO]: 主引擎创建成功
2019-03-10 10:01:29,544 [INFO]: 注册日志事件监听
2019-03-10 10:01:29,710 [INFO]: 连接CTP接口
2019-03-10 10:02:15,495 [INFO]: 主引擎创建成功
2019-03-10 10:02:15,495 [INFO]: 注册日志事件监听
2019-03-10 10:02:15,660 [INFO]: 连接CTP接口
2019-03-10 10:02:33,041 [INFO]: 主引擎创建成功
2019-03-10 10:02:33,041 [INFO]: 注册日志事件监听
2019-03-10 10:02:33,208 [INFO]: 连接CTP接口
2019-03-10 10:02:56,452 [INFO]: 主引擎创建成功
2019-03-10 10:02:56,452 [INFO]: 注册日志事件监听
2019-03-10 10:02:56,620 [INFO]: 连接CTP接口
2019-03-10 10:03:08,936 [INFO]: 主引擎创建成功
2019-03-10 10:03:08,937 [INFO]: 注册日志事件监听
2019-03-10 10:03:09,101 [INFO]: 连接CTP接口
2019-03-10 10:03:22,159 [INFO]: 主引擎创建成功
2019-03-10 10:03:22,160 [INFO]: 注册日志事件监听
2019-03-10 10:03:22,327 [INFO]: 连接CTP接口
2019-03-10 10:03:36,711 [INFO]: 主引擎创建成功
2019-03-10 10:03:36,711 [INFO]: 注册日志事件监听
2019-03-10 10:03:36,874 [INFO]: 连接CTP接口
2019-03-10 10:03:58,072 [INFO]: 主引擎创建成功
2019-03-10 10:03:58,072 [INFO]: 注册日志事件监听
2019-03-10 10:03:58,235 [INFO]: 连接CTP接口
2019-03-10 10:04:22,350 [INFO]: 主引擎创建成功
2019-03-10 10:04:22,350 [INFO]: 注册日志事件监听
2019-03-10 10:04:22,516 [INFO]: 连接CTP接口
2019-03-10 10:04:44,968 [INFO]: 主引擎创建成功
2019-03-10 10:04:44,968 [INFO]: 注册日志事件监听
2019-03-10 10:04:45,137 [INFO]: 连接CTP接口
2019-03-10 10:05:33,883 [INFO]: 主引擎创建成功
2019-03-10 10:05:33,883 [INFO]: 注册日志事件监听
2019-03-10 10:05:34,055 [INFO]: 连接CTP接口
2019-03-10 10:05:52,187 [INFO]: 主引擎创建成功
2019-03-10 10:05:52,188 [INFO]: 注册日志事件监听
2019-03-10 10:05:52,358 [INFO]: 连接CTP接口
2019-03-10 10:09:33,231 [INFO]: 主引擎创建成功
2019-03-10 10:09:33,231 [INFO]: 注册日志事件监听
2019-03-10 10:09:33,399 [INFO]: 连接CTP接口
2019-03-10 10:14:39,431 [INFO]: 主引擎创建成功
2019-03-10 10:14:39,432 [INFO]: 注册日志事件监听
2019-03-10 10:14:39,598 [INFO]: 连接CTP接口
2019-03-10 10:16:02,916 [INFO]: 主引擎创建成功
2019-03-10 10:16:02,916 [INFO]: 注册日志事件监听
2019-03-10 10:16:03,083 [INFO]: 连接CTP接口
2019-03-10 10:18:50,756 [INFO]: 主引擎创建成功
2019-03-10 10:18:50,756 [INFO]: 注册日志事件监听
2019-03-10 10:18:50,929 [INFO]: 连接CTP接口
2019-03-10 10:20:33,954 [INFO]: 主引擎创建成功
2019-03-10 10:20:33,954 [INFO]: 注册日志事件监听
2019-03-10 10:20:34,124 [INFO]: 连接CTP接口
2019-03-10 10:22:41,484 [INFO]: 主引擎创建成功
2019-03-10 10:22:41,484 [INFO]: 注册日志事件监听
2019-03-10 10:22:41,653 [INFO]: 连接CTP接口
2019-03-10 11:05:20,172 [INFO]: 主引擎创建成功
2019-03-10 11:05:20,173 [INFO]: 注册日志事件监听
2019-03-10 11:05:20,347 [INFO]: 连接CTP接口
2019-03-10 11:05:20,347 [INFO]: MAIN_ENGINE	MongoDB连接成功
2019-03-10 11:05:20,347 [INFO]: MAIN_ENGINE	MongoDB连接成功
2019-03-10 11:06:15,061 [INFO]: 主引擎创建成功
2019-03-10 11:06:15,061 [INFO]: 注册日志事件监听
2019-03-10 11:06:15,233 [INFO]: 连接CTP接口
2019-03-10 11:06:15,233 [INFO]: MAIN_ENGINE	MongoDB连接成功
2019-03-10 11:06:15,233 [INFO]: MAIN_ENGINE	MongoDB连接成功
2019-03-10 11:07:53,920 [INFO]: 主引擎创建成功
2019-03-10 11:07:53,920 [INFO]: 注册日志事件监听
2019-03-10 11:07:54,091 [INFO]: 连接CTP接口
2019-03-10 11:08:07,920 [INFO]: 主引擎创建成功
2019-03-10 11:08:07,920 [INFO]: 注册日志事件监听
2019-03-10 11:08:08,091 [INFO]: 连接CTP接口
2019-03-10 11:08:08,091 [INFO]: MAIN_ENGINE	MongoDB连接成功
2019-03-10 11:08:08,092 [INFO]: MAIN_ENGINE	MongoDB连接成功
2019-03-10 11:09:03,762 [INFO]: 主引擎创建成功
2019-03-10 11:09:03,763 [INFO]: 注册日志事件监听
2019-03-10 11:09:03,930 [INFO]: 连接CTP接口
2019-03-10 11:09:03,930 [INFO]: MAIN_ENGINE	MongoDB连接成功
2019-03-10 11:09:03,930 [INFO]: MAIN_ENGINE	MongoDB连接成功
2019-03-10 11:10:51,237 [INFO]: 主引擎创建成功
2019-03-10 11:10:51,237 [INFO]: 注册日志事件监听
2019-03-10 11:10:51,404 [INFO]: 连接CTP接口
2019-03-10 11:10:51,405 [INFO]: MAIN_ENGINE	MongoDB连接成功
2019-03-10 11:10:51,405 [INFO]: MAIN_ENGINE	MongoDB连接成功
2019-03-10 11:12:04,113 [INFO]: 主引擎创建成功
2019-03-10 11:12:04,113 [INFO]: 注册日志事件监听
2019-03-10 11:12:04,280 [INFO]: 连接CTP接口
2019-03-10 11:12:04,280 [INFO]: MAIN_ENGINE	MongoDB连接成功
2019-03-10 11:12:04,280 [INFO]: MAIN_ENGINE	MongoDB连接成功
2019-03-10 11:12:29,413 [INFO]: 主引擎创建成功
2019-03-10 11:12:29,413 [INFO]: 注册日志事件监听
2019-03-10 11:12:29,581 [INFO]: 连接CTP接口
2019-03-10 11:12:29,581 [INFO]: MAIN_ENGINE	MongoDB连接成功
2019-03-10 11:12:29,581 [INFO]: MAIN_ENGINE	MongoDB连接成功
2019-03-10 12:25:21,808 [INFO]: 主引擎创建成功
2019-03-10 12:25:21,808 [INFO]: 注册日志事件监听
2019-03-10 12:25:21,974 [INFO]: 连接CTP接口
2019-03-10 12:25:21,974 [INFO]: MAIN_ENGINE	MongoDB连接成功
2019-03-10 12:25:21,974 [INFO]: MAIN_ENGINE	MongoDB连接成功
2019-03-10 12:27:19,302 [INFO]: 主引擎创建成功
2019-03-10 12:27:19,302 [INFO]: 注册日志事件监听
2019-03-10 12:27:19,466 [INFO]: 连接CTP接口
2019-03-10 12:27:19,466 [INFO]: MAIN_ENGINE	MongoDB连接成功
2019-03-10 12:27:19,467 [INFO]: MAIN_ENGINE	MongoDB连接成功
2019-03-10 12:28:07,175 [INFO]: 主引擎创建成功
2019-03-10 12:28:07,176 [INFO]: 注册日志事件监听
2019-03-10 12:28:07,338 [INFO]: 连接CTP接口
2019-03-10 12:28:07,338 [INFO]: MAIN_ENGINE	MongoDB连接成功
2019-03-10 12:28:07,339 [INFO]: MAIN_ENGINE	MongoDB连接成功
2019-03-10 12:28:29,033 [INFO]: 主引擎创建成功
2019-03-10 12:28:29,034 [INFO]: 注册日志事件监听
2019-03-10 12:28:29,196 [INFO]: 连接CTP接口
2019-03-10 12:28:29,196 [INFO]: MAIN_ENGINE	MongoDB连接成功
2019-03-10 12:28:29,196 [INFO]: MAIN_ENGINE	MongoDB连接成功
2019-03-10 12:28:50,371 [INFO]: 主引擎创建成功
2019-03-10 12:28:50,371 [INFO]: 注册日志事件监听
2019-03-10 12:28:50,535 [INFO]: 连接CTP接口
2019-03-10 12:28:50,535 [INFO]: MAIN_ENGINE	MongoDB连接成功
2019-03-10 12:28:50,536 [INFO]: MAIN_ENGINE	MongoDB连接成功
2019-03-10 12:30:24,779 [INFO]: 主引擎创建成功
2019-03-10 12:30:24,779 [INFO]: 注册日志事件监听
2019-03-10 12:30:24,941 [INFO]: 连接CTP接口
2019-03-10 12:30:24,941 [INFO]: MAIN_ENGINE	MongoDB连接成功
2019-03-10 12:30:24,941 [INFO]: MAIN_ENGINE	MongoDB连接成功
2019-03-10 12:30:40,830 [INFO]: 主引擎创建成功
2019-03-10 12:30:40,830 [INFO]: 注册日志事件监听
2019-03-10 12:30:40,993 [INFO]: 连接CTP接口
2019-03-10 12:30:40,993 [INFO]: MAIN_ENGINE	MongoDB连接成功
2019-03-10 12:30:40,993 [INFO]: MAIN_ENGINE	MongoDB连接成功
2019-03-10 12:40:29,280 [INFO]: 主引擎创建成功
2019-03-10 12:40:29,280 [INFO]: 注册日志事件监听
2019-03-10 12:40:29,445 [INFO]: 连接CTP接口
2019-03-10 12:40:29,445 [INFO]: MAIN_ENGINE	MongoDB连接成功
2019-03-10 12:40:29,445 [INFO]: MAIN_ENGINE	MongoDB连接成功
2019-03-10 12:43:36,901 [INFO]: 主引擎创建成功
2019-03-10 12:43:36,901 [INFO]: 注册日志事件监听
2019-03-10 12:43:37,069 [INFO]: 连接CTP接口
2019-03-10 12:43:37,069 [INFO]: MAIN_ENGINE	MongoDB连接成功
2019-03-10 12:43:37,069 [INFO]: MAIN_ENGINE	MongoDB连接成功
2019-03-10 12:44:32,379 [INFO]: 主引擎创建成功
2019-03-10 12:44:32,380 [INFO]: 注册日志事件监听
2019-03-10 12:44:32,546 [INFO]: 连接CTP接口
2019-03-10 12:44:32,546 [INFO]: MAIN_ENGINE	MongoDB连接成功
2019-03-10 12:44:32,546 [INFO]: MAIN_ENGINE	MongoDB连接成功
2019-03-10 12:45:25,513 [INFO]: 主引擎创建成功
2019-03-10 12:45:25,513 [INFO]: 注册日志事件监听
2019-03-10 12:45:25,681 [INFO]: 连接CTP接口
2019-03-10 12:45:25,681 [INFO]: MAIN_ENGINE	MongoDB连接成功
2019-03-10 12:45:25,682 [INFO]: MAIN_ENGINE	MongoDB连接成功
2019-03-10 13:05:16,244 [INFO]: 主引擎创建成功
2019-03-10 13:05:16,244 [INFO]: 注册日志事件监听
2019-03-10 13:05:16,411 [INFO]: 连接CTP接口
2019-03-10 13:05:16,411 [INFO]: MAIN_ENGINE	MongoDB连接成功
2019-03-10 13:05:16,411 [INFO]: MAIN_ENGINE	MongoDB连接成功
2019-03-10 13:05:52,491 [INFO]: 主引擎创建成功
2019-03-10 13:05:52,491 [INFO]: 注册日志事件监听
2019-03-10 13:05:52,656 [INFO]: 连接CTP接口
2019-03-10 13:05:52,656 [INFO]: MAIN_ENGINE	MongoDB连接成功
2019-03-10 13:05:52,656 [INFO]: MAIN_ENGINE	MongoDB连接成功
2019-03-10 13:15:15,797 [INFO]: 主引擎创建成功
2019-03-10 13:15:15,797 [INFO]: 注册日志事件监听
2019-03-10 13:15:15,963 [INFO]: 连接CTP接口
2019-03-10 13:15:15,964 [INFO]: MAIN_ENGINE	MongoDB连接成功
2019-03-10 13:15:15,964 [INFO]: MAIN_ENGINE	MongoDB连接成功
2019-03-10 13:16:03,973 [INFO]: 主引擎创建成功
2019-03-10 13:16:03,974 [INFO]: 注册日志事件监听
2019-03-10 13:16:04,141 [INFO]: 连接CTP接口
2019-03-10 13:16:04,142 [INFO]: MAIN_ENGINE	MongoDB连接成功
2019-03-10 13:16:04,142 [INFO]: MAIN_ENGINE	MongoDB连接成功
2019-03-10 13:24:21,748 [INFO]: 主引擎创建成功
2019-03-10 13:24:21,748 [INFO]: 注册日志事件监听
2019-03-10 13:24:21,914 [INFO]: 连接CTP接口
2019-03-10 13:24:21,914 [INFO]: MAIN_ENGINE	MongoDB连接成功
2019-03-10 13:24:21,914 [INFO]: MAIN_ENGINE	MongoDB连接成功
2019-03-10 13:32:18,072 [INFO]: 主引擎创建成功
2019-03-10 13:32:18,072 [INFO]: 注册日志事件监听
2019-03-10 13:32:18,237 [INFO]: 连接CTP接口
2019-03-10 13:32:18,237 [INFO]: MAIN_ENGINE	MongoDB连接成功
2019-03-10 13:32:46,572 [INFO]: 主引擎创建成功
2019-03-10 13:32:46,572 [INFO]: 注册日志事件监听
2019-03-10 13:32:46,735 [INFO]: 连接CTP接口
2019-03-10 13:32:46,735 [INFO]: MAIN_ENGINE	MongoDB连接成功
2019-03-10 18:32:57,450 [INFO]: 主引擎创建成功
2019-03-10 18:32:57,450 [INFO]: 注册日志事件监听
2019-03-10 18:32:57,636 [INFO]: 连接CTP接口
2019-03-10 18:32:57,636 [INFO]: MAIN_ENGINE	MongoDB连接成功
2019-03-10 21:25:11,908 [INFO]: 主引擎创建成功
2019-03-10 21:25:11,908 [INFO]: 注册日志事件监听
2019-03-10 21:25:11,910 [INFO]: CTP	读取连接配置出错，请检查
2019-03-10 21:25:43,969 [INFO]: 主引擎创建成功
2019-03-10 21:25:43,969 [INFO]: 注册日志事件监听
2019-03-10 21:25:44,158 [INFO]: 连接CTP接口
2019-03-10 21:25:44,158 [INFO]: MAIN_ENGINE	MongoDB连接成功
2019-03-10 21:28:27,965 [INFO]: 主引擎创建成功
2019-03-10 21:28:27,965 [INFO]: 注册日志事件监听
2019-03-10 21:28:28,154 [INFO]: 连接CTP接口
2019-03-10 21:28:28,154 [INFO]: MAIN_ENGINE	MongoDB连接成功
2019-03-10 21:34:42,043 [INFO]: 主引擎创建成功
2019-03-10 21:34:42,043 [INFO]: 注册日志事件监听
2019-03-10 21:34:42,238 [INFO]: 连接CTP接口
2019-03-10 21:34:42,238 [INFO]: MAIN_ENGINE	MongoDB连接成功
2019-03-10 21:39:28,830 [INFO]: 主引擎创建成功
2019-03-10 21:39:28,830 [INFO]: 注册日志事件监听
2019-03-10 21:39:29,016 [INFO]: 连接CTP接口
2019-03-10 21:39:29,016 [INFO]: MAIN_ENGINE	MongoDB连接成功
2019-03-10 21:47:41,921 [INFO]: 主引擎创建成功
2019-03-10 21:47:41,921 [INFO]: 注册日志事件监听
2019-03-10 21:47:42,119 [INFO]: 连接CTP接口
2019-03-10 21:47:42,119 [INFO]: MAIN_ENGINE	MongoDB连接成功
2019-03-10 21:51:13,530 [INFO]: 主引擎创建成功
2019-03-10 21:51:13,530 [INFO]: 注册日志事件监听
2019-03-10 21:51:13,741 [INFO]: 连接CTP接口
2019-03-10 21:51:13,741 [INFO]: MAIN_ENGINE	MongoDB连接成功
2019-03-10 21:52:37,434 [INFO]: 主引擎创建成功
2019-03-10 21:52:37,434 [INFO]: 注册日志事件监听
2019-03-10 21:52:37,488 [INFO]: CTP	行情服务器连接成功
2019-03-10 21:52:37,526 [INFO]: CTP	行情服务器登录完成
2019-03-10 21:52:37,656 [INFO]: MAIN_ENGINE	MongoDB连接成功
2019-03-10 21:52:37,656 [INFO]: 连接CTP接口
2019-03-10 22:07:15,763 [INFO]: 主引擎创建成功
2019-03-10 22:07:15,763 [INFO]: 注册日志事件监听
2019-03-10 22:07:15,800 [INFO]: CTP	行情服务器连接成功
2019-03-10 22:07:15,832 [INFO]: CTP	行情服务器登录完成
2019-03-10 22:07:15,972 [INFO]: MAIN_ENGINE	MongoDB连接成功
2019-03-10 22:07:15,972 [INFO]: 连接CTP接口
2019-03-10 22:12:59,045 [INFO]: 主引擎创建成功
2019-03-10 22:12:59,045 [INFO]: 注册日志事件监听
2019-03-10 22:12:59,086 [INFO]: CTP	行情服务器连接成功
2019-03-10 22:12:59,118 [INFO]: CTP	行情服务器登录完成
2019-03-10 22:12:59,252 [INFO]: MAIN_ENGINE	MongoDB连接成功
2019-03-10 22:12:59,252 [INFO]: 连接CTP接口
2019-03-10 22:13:35,587 [INFO]: 主引擎创建成功
2019-03-10 22:13:35,588 [INFO]: 注册日志事件监听
2019-03-10 22:13:35,637 [INFO]: CTP	行情服务器连接成功
2019-03-10 22:13:35,671 [INFO]: CTP	行情服务器登录完成
2019-03-10 22:13:35,792 [INFO]: MAIN_ENGINE	MongoDB连接成功
2019-03-10 22:13:35,792 [INFO]: 连接CTP接口
2019-03-10 22:14:21,186 [INFO]: 主引擎创建成功
2019-03-10 22:14:21,186 [INFO]: 注册日志事件监听
2019-03-10 22:14:21,223 [INFO]: CTP	行情服务器连接成功
2019-03-10 22:14:21,399 [INFO]: MAIN_ENGINE	MongoDB连接成功
2019-03-10 22:14:21,399 [INFO]: 连接CTP接口
2019-03-10 22:14:24,526 [INFO]: CTP	行情服务器登录完成
2019-03-10 22:18:06,186 [INFO]: 主引擎创建成功
2019-03-10 22:18:06,187 [INFO]: 注册日志事件监听
2019-03-10 22:18:06,233 [INFO]: CTP	行情服务器连接成功
2019-03-10 22:18:06,266 [INFO]: CTP	行情服务器登录完成
2019-03-10 22:23:15,630 [INFO]: 主引擎创建成功
2019-03-10 22:23:15,630 [INFO]: 注册日志事件监听
2019-03-10 22:23:15,665 [INFO]: CTP	行情服务器连接成功
2019-03-10 22:23:15,699 [INFO]: CTP	行情服务器登录完成
2019-03-10 22:23:15,835 [INFO]: MAIN_ENGINE	MongoDB连接成功
2019-03-10 22:23:15,835 [INFO]: 连接CTP接口
2019-03-10 22:24:20,244 [INFO]: 主引擎创建成功
2019-03-10 22:24:20,244 [INFO]: 注册日志事件监听
2019-03-10 22:24:20,291 [INFO]: CTP	行情服务器连接成功
2019-03-10 22:24:20,323 [INFO]: CTP	行情服务器登录完成
2019-03-10 22:24:20,449 [INFO]: MAIN_ENGINE	MongoDB连接成功
2019-03-10 22:24:20,449 [INFO]: 连接CTP接口
2019-03-10 22:25:04,283 [INFO]: 主引擎创建成功
2019-03-10 22:25:04,284 [INFO]: 注册日志事件监听
2019-03-10 22:25:04,332 [INFO]: CTP	行情服务器连接成功
2019-03-10 22:25:04,366 [INFO]: CTP	行情服务器登录完成
2019-03-10 22:25:04,490 [INFO]: MAIN_ENGINE	MongoDB连接成功
2019-03-10 22:25:04,491 [INFO]: 连接CTP接口
2019-03-10 22:26:02,838 [INFO]: 主引擎创建成功
2019-03-10 22:26:02,838 [INFO]: 注册日志事件监听
2019-03-10 22:26:02,876 [INFO]: CTP	行情服务器连接成功
2019-03-10 22:26:02,909 [INFO]: CTP	行情服务器登录完成
2019-03-10 22:26:03,050 [INFO]: MAIN_ENGINE	MongoDB连接成功
2019-03-10 22:26:03,050 [INFO]: 连接CTP接口
2019-03-10 22:45:51,209 [INFO]: 主引擎创建成功
2019-03-10 22:45:51,209 [INFO]: 注册日志事件监听
2019-03-10 22:45:51,258 [INFO]: CTP	行情服务器连接成功
2019-03-10 22:45:51,291 [INFO]: CTP	行情服务器登录完成
2019-03-10 22:45:51,424 [INFO]: MAIN_ENGINE	MongoDB连接成功
2019-03-10 22:45:51,424 [INFO]: 连接CTP接口
2019-03-10 22:46:23,700 [INFO]: 主引擎创建成功
2019-03-10 22:46:23,700 [INFO]: 注册日志事件监听
2019-03-10 22:46:23,737 [INFO]: CTP	行情服务器连接成功
2019-03-10 22:46:23,769 [INFO]: CTP	行情服务器登录完成
2019-03-10 22:46:23,908 [INFO]: MAIN_ENGINE	MongoDB连接成功
2019-03-10 22:46:23,908 [INFO]: 连接CTP接口
